  Lab4.cpp
C:\Users\parachag7099\OneDrive - University of Wisconsin-Stout\Documents\C++ Projects\Data Structures\Lab4\Lab4\CustomVectors.h(87,5): error C2760: syntax error: 'if' was unexpected here; expected '}'
  (compiling source file 'Lab4.cpp')
      C:\Users\parachag7099\OneDrive - University of Wisconsin-Stout\Documents\C++ Projects\Data Structures\Lab4\Lab4\CustomVectors.h(87,5):
      the template instantiation context (the oldest one first) is
          C:\Users\parachag7099\OneDrive - University of Wisconsin-Stout\Documents\C++ Projects\Data Structures\Lab4\Lab4\CustomVectors.h(5,7):
          while compiling class template 'CustomVector'
  
C:\Users\parachag7099\OneDrive - University of Wisconsin-Stout\Documents\C++ Projects\Data Structures\Lab4\Lab4\CustomVectors.h(86,22): error C2760: syntax error: '{' was unexpected here; expected 'expression'
  (compiling source file 'Lab4.cpp')
  
C:\Users\parachag7099\OneDrive - University of Wisconsin-Stout\Documents\C++ Projects\Data Structures\Lab4\Lab4\CustomVectors.h(87,8): error C3878: syntax error: unexpected token '(' following 'expression'
  (compiling source file 'Lab4.cpp')
  
C:\Users\parachag7099\OneDrive - University of Wisconsin-Stout\Documents\C++ Projects\Data Structures\Lab4\Lab4\CustomVectors.h(87,8): message : error recovery skipped: '( identifier +  . . . ('
  (compiling source file 'Lab4.cpp')
  
C:\Users\parachag7099\OneDrive - University of Wisconsin-Stout\Documents\C++ Projects\Data Structures\Lab4\Lab4\CustomVectors.h(87,30): error C2760: syntax error: ')' was unexpected here; expected ';'
  (compiling source file 'Lab4.cpp')
  
C:\Users\parachag7099\OneDrive - University of Wisconsin-Stout\Documents\C++ Projects\Data Structures\Lab4\Lab4\CustomVectors.h(87,30): error C3878: syntax error: unexpected token ')' following 'expression_statement'
  (compiling source file 'Lab4.cpp')
  
C:\Users\parachag7099\OneDrive - University of Wisconsin-Stout\Documents\C++ Projects\Data Structures\Lab4\Lab4\CustomVectors.h(87,30): error C3878: syntax error: unexpected token ')' following 'statement'
  (compiling source file 'Lab4.cpp')
  
C:\Users\parachag7099\OneDrive - University of Wisconsin-Stout\Documents\C++ Projects\Data Structures\Lab4\Lab4\CustomVectors.h(87,30): error C3878: syntax error: unexpected token ')' following 'selection_statement'
  (compiling source file 'Lab4.cpp')
  
C:\Users\parachag7099\OneDrive - University of Wisconsin-Stout\Documents\C++ Projects\Data Structures\Lab4\Lab4\CustomVectors.h(87,30): message : error recovery skipped: ') )'
  (compiling source file 'Lab4.cpp')
  
